<?xml version="1.0" encoding="UTF-8"?>
<!-- Generated by org.testng.reporters.JUnitXMLReporter -->
<testsuite hostname="LAPTOP-48NLNINU" ignored="0" name="Test" tests="3" failures="0" timestamp="23 Jun 2020 20:02:18 GMT" time="34.95" errors="0">
  <testcase name="home" time="2.93" classname="demoProject.SeleniumFramework.ValidateHome"/>
  <testcase name="login" time="10.099" classname="demoProject.SeleniumFramework.ValidateLogin"/>
  <testcase name="register" time="17.465" classname="demoProject.SeleniumFramework.ValidateRegister"/>
</testsuite> <!-- Test -->
