<?xml version="1.0" encoding="UTF-8"?>
<testng-results skipped="0" failed="0" ignored="0" total="3" passed="3">
  <reporter-output>
  </reporter-output>
  <suite name="Suite" duration-ms="34950" started-at="2020-06-23T20:01:43Z" finished-at="2020-06-23T20:02:18Z">
    <groups>
    </groups>
    <test name="Test" duration-ms="34950" started-at="2020-06-23T20:01:43Z" finished-at="2020-06-23T20:02:18Z">
      <class name="demoProject.SeleniumFramework.ValidateRegister">
        <test-method status="PASS" signature="initialize()[pri:0, instance:demoProject.SeleniumFramework.ValidateRegister@fa36558]" name="initialize" is-config="true" duration-ms="13368" started-at="2020-06-23T20:01:43Z" finished-at="2020-06-23T20:01:57Z">
          <reporter-output>
          </reporter-output>
        </test-method> <!-- initialize -->
        <test-method status="PASS" signature="register(java.lang.String, java.lang.String, java.lang.String, java.lang.String)[pri:0, instance:demoProject.SeleniumFramework.ValidateRegister@fa36558]" name="register" duration-ms="17465" started-at="2020-06-23T20:01:57Z" data-provider="getData" finished-at="2020-06-23T20:02:14Z">
          <params>
            <param index="0">
              <value>
                <![CDATA[VeenaRagaji]]>
              </value>
            </param>
            <param index="1">
              <value>
                <![CDATA[veenaragaji@gmail.com]]>
              </value>
            </param>
            <param index="2">
              <value>
                <![CDATA[test123]]>
              </value>
            </param>
            <param index="3">
              <value>
                <![CDATA[test123]]>
              </value>
            </param>
          </params>
          <reporter-output>
          </reporter-output>
        </test-method> <!-- register -->
        <test-method status="PASS" signature="tearDown()[pri:0, instance:demoProject.SeleniumFramework.ValidateRegister@fa36558]" name="tearDown" is-config="true" duration-ms="4092" started-at="2020-06-23T20:02:14Z" finished-at="2020-06-23T20:02:18Z">
          <reporter-output>
          </reporter-output>
        </test-method> <!-- tearDown -->
      </class> <!-- demoProject.SeleniumFramework.ValidateRegister -->
      <class name="demoProject.SeleniumFramework.ValidateHome">
        <test-method status="PASS" signature="initialize()[pri:0, instance:demoProject.SeleniumFramework.ValidateHome@32910148]" name="initialize" is-config="true" duration-ms="11594" started-at="2020-06-23T20:01:43Z" finished-at="2020-06-23T20:01:55Z">
          <reporter-output>
          </reporter-output>
        </test-method> <!-- initialize -->
        <test-method status="PASS" signature="home()[pri:0, instance:demoProject.SeleniumFramework.ValidateHome@32910148]" name="home" duration-ms="2930" started-at="2020-06-23T20:01:55Z" finished-at="2020-06-23T20:01:58Z">
          <reporter-output>
          </reporter-output>
        </test-method> <!-- home -->
        <test-method status="PASS" signature="tearDown()[pri:0, instance:demoProject.SeleniumFramework.ValidateHome@32910148]" name="tearDown" is-config="true" duration-ms="618" started-at="2020-06-23T20:01:58Z" finished-at="2020-06-23T20:01:58Z">
          <reporter-output>
          </reporter-output>
        </test-method> <!-- tearDown -->
      </class> <!-- demoProject.SeleniumFramework.ValidateHome -->
      <class name="demoProject.SeleniumFramework.ValidateLogin">
        <test-method status="PASS" signature="initialize()[pri:0, instance:demoProject.SeleniumFramework.ValidateLogin@672872e1]" name="initialize" is-config="true" duration-ms="13954" started-at="2020-06-23T20:01:43Z" finished-at="2020-06-23T20:01:57Z">
          <reporter-output>
          </reporter-output>
        </test-method> <!-- initialize -->
        <test-method status="PASS" signature="login()[pri:0, instance:demoProject.SeleniumFramework.ValidateLogin@672872e1]" name="login" duration-ms="10099" started-at="2020-06-23T20:01:57Z" finished-at="2020-06-23T20:02:07Z">
          <reporter-output>
          </reporter-output>
        </test-method> <!-- login -->
        <test-method status="PASS" signature="tearDown()[pri:0, instance:demoProject.SeleniumFramework.ValidateLogin@672872e1]" name="tearDown" is-config="true" duration-ms="509" started-at="2020-06-23T20:02:07Z" finished-at="2020-06-23T20:02:08Z">
          <reporter-output>
          </reporter-output>
        </test-method> <!-- tearDown -->
      </class> <!-- demoProject.SeleniumFramework.ValidateLogin -->
    </test> <!-- Test -->
  </suite> <!-- Suite -->
</testng-results>
